mode: set
consignku/bussiness/discounts/usecase.go:15.103,20.2 1 1
consignku/bussiness/discounts/usecase.go:42.87,47.16 4 1
consignku/bussiness/discounts/usecase.go:51.2,51.12 1 1
consignku/bussiness/discounts/usecase.go:47.16,49.3 1 0
consignku/bussiness/discounts/usecase.go:54.75,56.16 2 1
consignku/bussiness/discounts/usecase.go:59.2,59.18 1 1
consignku/bussiness/discounts/usecase.go:56.16,58.3 1 1
consignku/bussiness/discounts/usecase.go:62.82,64.13 1 1
consignku/bussiness/discounts/usecase.go:68.2,70.16 2 1
consignku/bussiness/discounts/usecase.go:73.2,73.18 1 1
consignku/bussiness/discounts/usecase.go:64.13,66.3 1 1
consignku/bussiness/discounts/usecase.go:70.16,72.3 1 0
consignku/bussiness/discounts/usecase.go:76.99,79.16 2 1
consignku/bussiness/discounts/usecase.go:83.2,83.18 1 1
consignku/bussiness/discounts/usecase.go:79.16,81.3 1 0
consignku/bussiness/discounts/usecase.go:86.99,89.16 2 1
consignku/bussiness/discounts/usecase.go:93.2,93.18 1 1
consignku/bussiness/discounts/usecase.go:89.16,91.3 1 0
